<?xml version="1.0" encoding="UTF-8"?>
<testsuite xmlns:xsi="http://www.w3.org/2001/XMLSchema-instance" xsi:noNamespaceSchemaLocation="https://maven.apache.org/surefire/maven-surefire-plugin/xsd/surefire-test-report-3.0.xsd" version="3.0" name="com.spring.url.shortner.url_shortner.UrlShortnerApplicationTests" time="20.419" tests="1" errors="0" skipped="0" failures="0">
  <properties>
[...]
</properties>
  <testcase name="contextLoads" classname="com.spring.url.shortner.url_shortner.UrlShortnerApplicationTests" time="1.293">
    <system-out><![CDATA[19:45:44.391 [main] INFO org.springframework.test.context.support.AnnotationConfigContextLoaderUtils -- Could not detect default configuration classes for test class [com.spring.url.shortner.url_shortner.UrlShortnerApplicationTests]: UrlShortnerApplicationTests does not declare any static, non-private, non-final, nested classes annotated with @Configuration.
19:45:44.698 [main] INFO org.springframework.boot.test.context.SpringBootTestContextBootstrapper -- Found @SpringBootConfiguration com.spring.url.shortner.url_shortner.UrlShortnerApplication for test class com.spring.url.shortner.url_shortner.UrlShortnerApplicationTests

  .   ____          _            __ _ _
 /\\ / ___'_ __ _ _(_)_ __  __ _ \ \ \ \
( ( )\___ | '_ | '_| | '_ \/ _` | \ \ \ \
 \\/  ___)| |_)| | | | | || (_| |  ) ) ) )
  '  |____| .__|_| |_|_| |_\__, | / / / /
 =========|_|==============|___/=/_/_/_/
 :: Spring Boot ::                (v3.1.1)

2023-07-21T19:45:46.536-05:00  INFO 1192 --- [           main] c.s.u.s.u.UrlShortnerApplicationTests    : Starting UrlShortnerApplicationTests using Java 17.0.1 with PID 1192 (started by Sharma Computers in C:\Users\Sharma Computers\OneDrive - Texas Tech University\Desktop\TTU\spring\URL shortner\url_shortner)
2023-07-21T19:45:46.536-05:00  INFO 1192 --- [           main] c.s.u.s.u.UrlShortnerApplicationTests    : No active profile set, falling back to 1 default profile: "default"
2023-07-21T19:45:49.831-05:00  INFO 1192 --- [           main] .s.d.r.c.RepositoryConfigurationDelegate : Bootstrapping Spring Data JPA repositories in DEFAULT mode.
2023-07-21T19:45:50.064-05:00  INFO 1192 --- [           main] .s.d.r.c.RepositoryConfigurationDelegate : Finished Spring Data repository scanning in 169 ms. Found 1 JPA repository interfaces.
2023-07-21T19:45:52.311-05:00  INFO 1192 --- [           main] o.hibernate.jpa.internal.util.LogHelper  : HHH000204: Processing PersistenceUnitInfo [name: default]
2023-07-21T19:45:52.614-05:00  INFO 1192 --- [           main] org.hibernate.Version                    : HHH000412: Hibernate ORM core version 6.2.5.Final
2023-07-21T19:45:52.619-05:00  INFO 1192 --- [           main] org.hibernate.cfg.Environment            : HHH000406: Using bytecode reflection optimizer
2023-07-21T19:45:53.540-05:00  INFO 1192 --- [           main] o.h.b.i.BytecodeProviderInitiator        : HHH000021: Bytecode provider name : bytebuddy
2023-07-21T19:45:54.070-05:00  INFO 1192 --- [           main] o.s.o.j.p.SpringPersistenceUnitInfo      : No LoadTimeWeaver setup: ignoring JPA class transformer
2023-07-21T19:45:54.139-05:00  INFO 1192 --- [           main] com.zaxxer.hikari.HikariDataSource       : url_generator - Starting...
2023-07-21T19:45:55.654-05:00  INFO 1192 --- [           main] com.zaxxer.hikari.pool.HikariPool        : url_generator - Added connection com.mysql.cj.jdbc.ConnectionImpl@2e2b9f53
2023-07-21T19:45:55.662-05:00  INFO 1192 --- [           main] com.zaxxer.hikari.HikariDataSource       : url_generator - Start completed.
2023-07-21T19:45:55.866-05:00  WARN 1192 --- [           main] org.hibernate.orm.deprecation            : HHH90000026: MySQL8Dialect has been deprecated; use org.hibernate.dialect.MySQLDialect instead
2023-07-21T19:45:57.125-05:00  INFO 1192 --- [           main] o.h.b.i.BytecodeProviderInitiator        : HHH000021: Bytecode provider name : bytebuddy
2023-07-21T19:45:59.230-05:00  INFO 1192 --- [           main] o.h.e.t.j.p.i.JtaPlatformInitiator       : HHH000490: Using JtaPlatform implementation: [org.hibernate.engine.transaction.jta.platform.internal.NoJtaPlatform]
2023-07-21T19:45:59.403-05:00  INFO 1192 --- [           main] j.LocalContainerEntityManagerFactoryBean : Initialized JPA EntityManagerFactory for persistence unit 'default'
2023-07-21T19:46:01.499-05:00  WARN 1192 --- [           main] JpaBaseConfiguration$JpaWebConfiguration : spring.jpa.open-in-view is enabled by default. Therefore, database queries may be performed during view rendering. Explicitly configure spring.jpa.open-in-view to disable this warning
2023-07-21T19:46:02.782-05:00  INFO 1192 --- [           main] c.s.u.s.u.UrlShortnerApplicationTests    : Started UrlShortnerApplicationTests in 17.451 seconds (process running for 21.379)
]]></system-out>
  </testcase>
</testsuite>